<?xml version="1.0" encoding="UTF-8"?>
<coverage generated="1738092997">
  <project timestamp="1738092997">
    <package name="MulerTech\EventManager">
      <file name="/var/www/html/src/Event.php">
        <class name="MulerTech\EventManager\Event" namespace="MulerTech\EventManager">
          <metrics complexity="9" methods="9" coveredmethods="9" conditionals="0" coveredconditionals="0" statements="9" coveredstatements="9" elements="18" coveredelements="18"/>
        </class>
        <line num="37" type="method" name="getName" visibility="public" complexity="1" crap="1" count="8"/>
        <line num="39" type="stmt" count="8"/>
        <line num="45" type="method" name="getTarget" visibility="public" complexity="1" crap="1" count="4"/>
        <line num="47" type="stmt" count="4"/>
        <line num="53" type="method" name="getParams" visibility="public" complexity="1" crap="1" count="1"/>
        <line num="55" type="stmt" count="1"/>
        <line num="62" type="method" name="getParam" visibility="public" complexity="1" crap="1" count="1"/>
        <line num="64" type="stmt" count="1"/>
        <line num="71" type="method" name="setName" visibility="public" complexity="1" crap="1" count="9"/>
        <line num="73" type="stmt" count="9"/>
        <line num="80" type="method" name="setTarget" visibility="public" complexity="1" crap="1" count="9"/>
        <line num="82" type="stmt" count="9"/>
        <line num="89" type="method" name="setParams" visibility="public" complexity="1" crap="1" count="1"/>
        <line num="91" type="stmt" count="1"/>
        <line num="98" type="method" name="stopPropagation" visibility="public" complexity="1" crap="1" count="9"/>
        <line num="100" type="stmt" count="9"/>
        <line num="106" type="method" name="isPropagationStopped" visibility="public" complexity="1" crap="1" count="8"/>
        <line num="108" type="stmt" count="8"/>
        <metrics loc="111" ncloc="62" classes="1" methods="9" coveredmethods="9" conditionals="0" coveredconditionals="0" statements="9" coveredstatements="9" elements="18" coveredelements="18"/>
      </file>
      <file name="/var/www/html/src/EventManager.php">
        <class name="MulerTech\EventManager\EventManager" namespace="MulerTech\EventManager">
          <metrics complexity="18" methods="6" coveredmethods="6" conditionals="0" coveredconditionals="0" statements="42" coveredstatements="42" elements="48" coveredelements="48"/>
        </class>
        <line num="23" type="method" name="addListener" visibility="public" complexity="1" crap="1" count="8"/>
        <line num="25" type="stmt" count="8"/>
        <line num="26" type="stmt" count="8"/>
        <line num="27" type="stmt" count="8"/>
        <line num="28" type="stmt" count="8"/>
        <line num="30" type="stmt" count="8"/>
        <line num="39" type="method" name="addListeners" visibility="public" complexity="2" crap="2" count="5"/>
        <line num="41" type="stmt" count="5"/>
        <line num="42" type="stmt" count="5"/>
        <line num="45" type="stmt" count="4"/>
        <line num="52" type="method" name="dispatch" visibility="public" complexity="5" crap="5" count="8"/>
        <line num="54" type="stmt" count="8"/>
        <line num="55" type="stmt" count="8"/>
        <line num="56" type="stmt" count="8"/>
        <line num="57" type="stmt" count="2"/>
        <line num="60" type="stmt" count="8"/>
        <line num="61" type="stmt" count="8"/>
        <line num="66" type="stmt" count="8"/>
        <line num="73" type="method" name="getListenersForEvent" visibility="public" complexity="3" crap="3" count="8"/>
        <line num="75" type="stmt" count="8"/>
        <line num="77" type="stmt" count="8"/>
        <line num="78" type="stmt" count="6"/>
        <line num="79" type="stmt" count="6"/>
        <line num="81" type="stmt" count="6"/>
        <line num="82" type="stmt" count="8"/>
        <line num="84" type="stmt" count="8"/>
        <line num="94" type="method" name="extractListeners" visibility="private" complexity="6" crap="6" count="5"/>
        <line num="100" type="stmt" count="5"/>
        <line num="101" type="stmt" count="5"/>
        <line num="103" type="stmt" count="5"/>
        <line num="104" type="stmt" count="1"/>
        <line num="108" type="stmt" count="4"/>
        <line num="109" type="stmt" count="4"/>
        <line num="112" type="stmt" count="4"/>
        <line num="113" type="stmt" count="4"/>
        <line num="115" type="stmt" count="3"/>
        <line num="117" type="stmt" count="3"/>
        <line num="118" type="stmt" count="3"/>
        <line num="119" type="stmt" count="3"/>
        <line num="122" type="stmt" count="1"/>
        <line num="129" type="method" name="throwException" visibility="private" complexity="1" crap="1" count="1"/>
        <line num="131" type="stmt" count="1"/>
        <line num="132" type="stmt" count="1"/>
        <line num="133" type="stmt" count="1"/>
        <line num="134" type="stmt" count="1"/>
        <line num="135" type="stmt" count="1"/>
        <line num="136" type="stmt" count="1"/>
        <line num="137" type="stmt" count="1"/>
        <metrics loc="140" ncloc="102" classes="1" methods="6" coveredmethods="6" conditionals="0" coveredconditionals="0" statements="42" coveredstatements="42" elements="48" coveredelements="48"/>
      </file>
      <file name="/var/www/html/src/ListenerException.php">
        <class name="MulerTech\EventManager\ListenerException" namespace="MulerTech\EventManager">
          <metrics complexity="0" methods="0" coveredmethods="0" conditionals="0" coveredconditionals="0" statements="0" coveredstatements="0" elements="0" coveredelements="0"/>
        </class>
        <metrics loc="15" ncloc="10" classes="0" methods="0" coveredmethods="0" conditionals="0" coveredconditionals="0" statements="0" coveredstatements="0" elements="0" coveredelements="0"/>
      </file>
    </package>
    <file name="/var/www/html/src/EventInterface.php">
      <metrics loc="62" ncloc="25" classes="0" methods="0" coveredmethods="0" conditionals="0" coveredconditionals="0" statements="0" coveredstatements="0" elements="0" coveredelements="0"/>
    </file>
    <file name="/var/www/html/src/EventManagerInterface.php">
      <metrics loc="20" ncloc="9" classes="0" methods="0" coveredmethods="0" conditionals="0" coveredconditionals="0" statements="0" coveredstatements="0" elements="0" coveredelements="0"/>
    </file>
    <file name="/var/www/html/src/ListenerInterface.php">
      <metrics loc="21" ncloc="9" classes="0" methods="0" coveredmethods="0" conditionals="0" coveredconditionals="0" statements="0" coveredstatements="0" elements="0" coveredelements="0"/>
    </file>
    <metrics files="6" loc="369" ncloc="217" classes="2" methods="15" coveredmethods="15" conditionals="0" coveredconditionals="0" statements="51" coveredstatements="51" elements="66" coveredelements="66"/>
  </project>
</coverage>
